<?xml version="1.0" encoding="UTF-8"?>
<!-- Generated by org.testng.reporters.JUnitReportReporter -->
<testsuite hostname="LAPTOP-36O6IBO3" failures="0" tests="1" name="Edit.Proyect123mvd.Abercrombie1" time="0.831" errors="0" timestamp="2022-06-22T11:45:37 UYT" skipped="0">
  <testcase classname="Edit.Proyect123mvd.Abercrombie1" name="RegistroUsuarioCorrecto" time="0.831"/>
  <system-out/>
</testsuite> <!-- Edit.Proyect123mvd.Abercrombie1 -->
